生成启动时间为 2017/7/24 18:55:01。
     1>项目“H:\research_code\Tent map\tent_binary_el\tent_binary16\tent_binary16\tent_binary16.vcxproj”在节点 2 上(build 个目标)。
     1>InitializeBuildStatus:
         正在创建“Debug\tent_binary16.unsuccessfulbuild”，因为已指定“AlwaysCreate”。
       ClCompile:
         所有输出均为最新。
         d:\Program Files (x86)\Microsoft Visual Studio 10.0\VC\bin\CL.exe /c /ZI /nologo /W3 /WX- /Od /Oy- /D WIN32 /D _DEBUG /D _CONSOLE /D _UNICODE /D UNICODE /Gm /EHsc /RTC1 /MDd /GS /fp:precise /Zc:wchar_t /Zc:forScope /Yu"StdAfx.h" /Fp"Debug\tent_binary16.pch" /Fo"Debug\\" /Fd"Debug\vc100.pdb" /Gd /TP /analyze- /errorReport:prompt tent_binary16.cpp
         tent_binary16.cpp
       ManifestResourceCompile:
         所有输出均为最新。
       Link:
         d:\Program Files (x86)\Microsoft Visual Studio 10.0\VC\bin\link.exe /ERRORREPORT:PROMPT /OUT:"H:\research_code\Tent map\tent_binary_el\tent_binary16\Debug\tent_binary16.exe" /INCREMENTAL /NOLOGO kernel32.lib user32.lib gdi32.lib winspool.lib comdlg32.lib advapi32.lib shell32.lib ole32.lib oleaut32.lib uuid.lib odbc32.lib odbccp32.lib /MANIFEST /ManifestFile:"Debug\tent_binary16.exe.intermediate.manifest" /MANIFESTUAC:"level='asInvoker' uiAccess='false'" /DEBUG /PDB:"H:\research_code\Tent map\tent_binary_el\tent_binary16\Debug\tent_binary16.pdb" /SUBSYSTEM:CONSOLE /TLBID:1 /DYNAMICBASE /NXCOMPAT /IMPLIB:"H:\research_code\Tent map\tent_binary_el\tent_binary16\Debug\tent_binary16.lib" /MACHINE:X86 Debug\tent_binary16.exe.embed.manifest.res
         Debug\stdafx.obj
         Debug\tent_binary16.obj
       Manifest:
         C:\Program Files (x86)\Microsoft SDKs\Windows\v7.0A\bin\mt.exe /nologo /verbose /out:"Debug\tent_binary16.exe.embed.manifest" /manifest Debug\tent_binary16.exe.intermediate.manifest
         所有输出均为最新。
       LinkEmbedManifest:
         所有输出均为最新。
         tent_binary16.vcxproj -> H:\research_code\Tent map\tent_binary_el\tent_binary16\Debug\tent_binary16.exe
       FinalizeBuildStatus:
         正在删除文件“Debug\tent_binary16.unsuccessfulbuild”。
         正在对“Debug\tent_binary16.lastbuildstate”执行 Touch 任务。
     1>已完成生成项目“H:\research_code\Tent map\tent_binary_el\tent_binary16\tent_binary16\tent_binary16.vcxproj”(build 个目标)的操作。

生成成功。

已用时间 00:00:03.87
